#
# There is insufficient memory for the Java Runtime Environment to continue.
# Native memory allocation (malloc) failed to allocate 874336 bytes for Chunk::new
# Possible reasons:
#   The system is out of physical RAM or swap space
#   The process is running with CompressedOops enabled, and the Java Heap may be blocking the growth of the native heap
# Possible solutions:
#   Reduce memory load on the system
#   Increase physical memory or swap space
#   Check if swap backing store is full
#   Decrease Java heap size (-Xmx/-Xms)
#   Decrease number of Java threads
#   Decrease Java thread stack sizes (-Xss)
#   Set larger code cache with -XX:ReservedCodeCacheSize=
#   JVM is running with Unscaled Compressed Oops mode in which the Java heap is
#     placed in the first 4GB address space. The Java Heap base address is the
#     maximum limit for the native heap growth. Please use -XX:HeapBaseMinAddress
#     to set the Java Heap base and to place the Java Heap above 4GB virtual address.
# This output file may be truncated or incomplete.
#
#  Out of Memory Error (./src/hotspot/share/memory/arena.cpp:197), pid=17188, tid=150868
#
# JRE version: OpenJDK Runtime Environment (11.0.12+7) (build 11.0.12+7-b1504.28-7817840)
# Java VM: OpenJDK 64-Bit Server VM (11.0.12+7-b1504.28-7817840, mixed mode, tiered, compressed oops, g1 gc, windows-amd64)
# No core dump will be written. Minidumps are not enabled by default on client versions of Windows
#

---------------  S U M M A R Y ------------

Command Line: org.jetbrains.kotlin.cli.jvm.K2JVMCompiler @C:\Users\User\Desktop\AppHistoryVN\app\build\20221109_15614267667477691047.compiler.options

Host: AMD Ryzen 5 3500U with Radeon Vega Mobile Gfx  , 8 cores, 5G,  Windows 10 , 64 bit Build 22000 (10.0.22000.708)
Time: Wed Nov  9 05:48:56 2022 RTZ 2 (зима) elapsed time: 16.934067 seconds (0d 0h 0m 16s)

---------------  T H R E A D  ---------------

Current thread (0x000001e6c4286800):  JavaThread "C2 CompilerThread0" daemon [_thread_in_native, id=150868, stack(0x000000a0cfb00000,0x000000a0cfc00000)]


Current CompileTask:
C2:  16934 11935   !   4       jdk.internal.loader.BuiltinClassLoader::findClassOnClassPathOrNull (64 bytes)

Stack: [0x000000a0cfb00000,0x000000a0cfc00000]
Native frames: (J=compiled Java code, j=interpreted, Vv=VM code, C=native code)
V  [jvm.dll+0x5fbcea]
V  [jvm.dll+0x731905]
V  [jvm.dll+0x732f1d]
V  [jvm.dll+0x7335d3]
V  [jvm.dll+0x247bf8]
V  [jvm.dll+0xc018c]
V  [jvm.dll+0xc06cc]
V  [jvm.dll+0x2bcc04]
V  [jvm.dll+0x5113a8]
V  [jvm.dll+0x201c5a]
V  [jvm.dll+0x1ff71f]
V  [jvm.dll+0x18868c]
V  [jvm.dll+0x20e0d7]
V  [jvm.dll+0x20c901]
V  [jvm.dll+0x6f9b7f]
V  [jvm.dll+0x6f26a5]
V  [jvm.dll+0x5fabf6]
C  [ucrtbase.dll+0x26c0c]
C  [KERNEL32.DLL+0x154e0]
C  [ntdll.dll+0x485b]


---------------  P R O C E S S  ---------------

Threads class SMR info:
_java_thread_list=0x000001e6c650a710, length=10, elements={
0x000001e6ab140800, 0x000001e6c4258000, 0x000001e6c4259000, 0x000001e6c427a800,
0x000001e6c427b800, 0x000001e6c427c800, 0x000001e6c4286800, 0x000001e6c428c000,
0x000001e6c428f800, 0x000001e6c4d40000
}

Java Threads: ( => current thread )
  0x000001e6ab140800 JavaThread "main" [_thread_blocked, id=149776, stack(0x000000a0cef00000,0x000000a0cf000000)]
  0x000001e6c4258000 JavaThread "Reference Handler" daemon [_thread_blocked, id=139088, stack(0x000000a0cf600000,0x000000a0cf700000)]
  0x000001e6c4259000 JavaThread "Finalizer" daemon [_thread_blocked, id=142716, stack(0x000000a0cf700000,0x000000a0cf800000)]
  0x000001e6c427a800 JavaThread "Signal Dispatcher" daemon [_thread_blocked, id=98904, stack(0x000000a0cf800000,0x000000a0cf900000)]
  0x000001e6c427b800 JavaThread "Attach Listener" daemon [_thread_blocked, id=162028, stack(0x000000a0cf900000,0x000000a0cfa00000)]
  0x000001e6c427c800 JavaThread "Service Thread" daemon [_thread_blocked, id=179312, stack(0x000000a0cfa00000,0x000000a0cfb00000)]
=>0x000001e6c4286800 JavaThread "C2 CompilerThread0" daemon [_thread_in_native, id=150868, stack(0x000000a0cfb00000,0x000000a0cfc00000)]
  0x000001e6c428c000 JavaThread "C1 CompilerThread0" daemon [_thread_blocked, id=150700, stack(0x000000a0cfc00000,0x000000a0cfd00000)]
  0x000001e6c428f800 JavaThread "Sweeper thread" daemon [_thread_blocked, id=184536, stack(0x000000a0cfd00000,0x000000a0cfe00000)]
  0x000001e6c4d40000 JavaThread "Common-Cleaner" daemon [_thread_blocked, id=130996, stack(0x000000a0cff00000,0x000000a0d0000000)]

Other Threads:
  0x000001e6c4233800 VMThread "VM Thread" [stack: 0x000000a0cf500000,0x000000a0cf600000] [id=183784]
  0x000001e6c4d38800 WatcherThread [stack: 0x000000a0cfe00000,0x000000a0cff00000] [id=178244]
  0x000001e6ab158800 GCTaskThread "GC Thread#0" [stack: 0x000000a0cf000000,0x000000a0cf100000] [id=89060]
  0x000001e6c53d7800 GCTaskThread "GC Thread#1" [stack: 0x000000a0d0100000,0x000000a0d0200000] [id=186364]
  0x000001e6c8003000 GCTaskThread "GC Thread#2" [stack: 0x000000a0d0300000,0x000000a0d0400000] [id=178760]
  0x000001e6ab17d800 ConcurrentGCThread "G1 Main Marker" [stack: 0x000000a0cf100000,0x000000a0cf200000] [id=135516]
  0x000001e6ab180000 ConcurrentGCThread "G1 Conc#0" [stack: 0x000000a0cf200000,0x000000a0cf300000] [id=98396]
  0x000001e6c6103000 ConcurrentGCThread "G1 Conc#1" [stack: 0x000000a0d0000000,0x000000a0d0100000] [id=127928]
  0x000001e6ab209000 ConcurrentGCThread "G1 Refine#0" [stack: 0x000000a0cf300000,0x000000a0cf400000] [id=14384]
  0x000001e6c549e000 ConcurrentGCThread "G1 Refine#1" [stack: 0x000000a0d0200000,0x000000a0d0300000] [id=167604]
  0x000001e6ab20c000 ConcurrentGCThread "G1 Young RemSet Sampling" [stack: 0x000000a0cf400000,0x000000a0cf500000] [id=161156]

Threads with active compile tasks:
C2 CompilerThread0  16963 11935   !   4       jdk.internal.loader.BuiltinClassLoader::findClassOnClassPathOrNull (64 bytes)
C1 CompilerThread0  16963 12056       3       org.jetbrains.kotlin.ir.util.IrFakeOverrideUtilsKt::collectRealOverrides (172 bytes)

VM state:at safepoint (normal execution)

VM Mutex/Monitor currently owned by a thread:  ([mutex/lock_event])
[0x000001e6ab13e170] Threads_lock - owner thread: 0x000001e6c4233800
[0x000001e6ab13d510] Heap_lock - owner thread: 0x000001e6ab140800

Heap address: 0x00000000a0c00000, size: 1524 MB, Compressed Oops mode: 32-bit
Narrow klass base: 0x0000000000000000, Narrow klass shift: 3
Compressed class space size: 1073741824 Address: 0x0000000100000000

Heap:
 garbage-first heap   total 146432K, used 111340K [0x00000000a0c00000, 0x0000000100000000)
  region size 1024K, 49 young (50176K), 6 survivors (6144K)
 Metaspace       used 79393K, capacity 80311K, committed 80588K, reserved 1120256K
  class space    used 8703K, capacity 9073K, committed 9164K, reserved 1048576K
Heap Regions: E=young(eden), S=young(survivor), O=old, HS=humongous(starts), HC=humongous(continues), CS=collection set, F=free, A=archive, TAMS=top-at-mark-start (previous, next)
|   0|0x00000000a0c00000, 0x00000000a0d00000, 0x00000000a0d00000|100%|HS|  |TAMS 0x00000000a0d00000, 0x00000000a0c00000| Complete 
|   1|0x00000000a0d00000, 0x00000000a0e00000, 0x00000000a0e00000|100%|HC|  |TAMS 0x00000000a0e00000, 0x00000000a0d00000| Complete 
|   2|0x00000000a0e00000, 0x00000000a0f00000, 0x00000000a0f00000|100%|HC|  |TAMS 0x00000000a0f00000, 0x00000000a0e00000| Complete 
|   3|0x00000000a0f00000, 0x00000000a1000000, 0x00000000a1000000|100%| O|  |TAMS 0x00000000a1000000, 0x00000000a0f00000| Untracked 
|   4|0x00000000a1000000, 0x00000000a1100000, 0x00000000a1100000|100%| O|  |TAMS 0x00000000a1100000, 0x00000000a1000000| Untracked 
|   5|0x00000000a1100000, 0x00000000a1200000, 0x00000000a1200000|100%|HS|  |TAMS 0x00000000a1200000, 0x00000000a1100000| Complete 
|   6|0x00000000a1200000, 0x00000000a1300000, 0x00000000a1300000|100%|HC|  |TAMS 0x00000000a1300000, 0x00000000a1200000| Complete 
|   7|0x00000000a1300000, 0x00000000a1400000, 0x00000000a1400000|100%|HC|  |TAMS 0x00000000a1400000, 0x00000000a1300000| Complete 
|   8|0x00000000a1400000, 0x00000000a1500000, 0x00000000a1500000|100%| O|  |TAMS 0x00000000a1500000, 0x00000000a1400000| Untracked 
|   9|0x00000000a1500000, 0x00000000a1600000, 0x00000000a1600000|100%| O|  |TAMS 0x00000000a1600000, 0x00000000a1500000| Untracked 
|  10|0x00000000a1600000, 0x00000000a1700000, 0x00000000a1700000|100%| O|  |TAMS 0x00000000a1700000, 0x00000000a1600000| Untracked 
|  11|0x00000000a1700000, 0x00000000a1800000, 0x00000000a1800000|100%| O|  |TAMS 0x00000000a1800000, 0x00000000a1700000| Untracked 
|  12|0x00000000a1800000, 0x00000000a1900000, 0x00000000a1900000|100%| O|  |TAMS 0x00000000a1900000, 0x00000000a1800000| Untracked 
|  13|0x00000000a1900000, 0x00000000a1a00000, 0x00000000a1a00000|100%| O|  |TAMS 0x00000000a1a00000, 0x00000000a1900000| Untracked 
|  14|0x00000000a1a00000, 0x00000000a1b00000, 0x00000000a1b00000|100%| O|  |TAMS 0x00000000a1b00000, 0x00000000a1a00000| Untracked 
|  15|0x00000000a1b00000, 0x00000000a1c00000, 0x00000000a1c00000|100%| O|  |TAMS 0x00000000a1c00000, 0x00000000a1b00000| Untracked 
|  16|0x00000000a1c00000, 0x00000000a1d00000, 0x00000000a1d00000|100%| O|  |TAMS 0x00000000a1d00000, 0x00000000a1c00000| Untracked 
|  17|0x00000000a1d00000, 0x00000000a1e00000, 0x00000000a1e00000|100%| O|  |TAMS 0x00000000a1e00000, 0x00000000a1d00000| Untracked 
|  18|0x00000000a1e00000, 0x00000000a1f00000, 0x00000000a1f00000|100%| O|  |TAMS 0x00000000a1f00000, 0x00000000a1e00000| Untracked 
|  19|0x00000000a1f00000, 0x00000000a2000000, 0x00000000a2000000|100%| O|  |TAMS 0x00000000a2000000, 0x00000000a1f00000| Untracked 
|  20|0x00000000a2000000, 0x00000000a2100000, 0x00000000a2100000|100%| O|  |TAMS 0x00000000a2100000, 0x00000000a2000000| Untracked 
|  21|0x00000000a2100000, 0x00000000a2200000, 0x00000000a2200000|100%|HS|  |TAMS 0x00000000a2200000, 0x00000000a2100000| Complete 
|  22|0x00000000a2200000, 0x00000000a2300000, 0x00000000a2300000|100%|HC|  |TAMS 0x00000000a2300000, 0x00000000a2200000| Complete 
|  23|0x00000000a2300000, 0x00000000a2400000, 0x00000000a2400000|100%| O|  |TAMS 0x00000000a2400000, 0x00000000a2300000| Untracked 
|  24|0x00000000a2400000, 0x00000000a2500000, 0x00000000a2500000|100%| O|  |TAMS 0x00000000a2500000, 0x00000000a2400000| Untracked 
|  25|0x00000000a2500000, 0x00000000a2600000, 0x00000000a2600000|100%| O|  |TAMS 0x00000000a2600000, 0x00000000a2500000| Untracked 
|  26|0x00000000a2600000, 0x00000000a2700000, 0x00000000a2700000|100%| O|  |TAMS 0x00000000a2700000, 0x00000000a2600000| Untracked 
|  27|0x00000000a2700000, 0x00000000a2800000, 0x00000000a2800000|100%| O|  |TAMS 0x00000000a2800000, 0x00000000a2700000| Untracked 
|  28|0x00000000a2800000, 0x00000000a2900000, 0x00000000a2900000|100%| O|  |TAMS 0x00000000a2900000, 0x00000000a2800000| Untracked 
|  29|0x00000000a2900000, 0x00000000a2a00000, 0x00000000a2a00000|100%| O|  |TAMS 0x00000000a2a00000, 0x00000000a2900000| Untracked 
|  30|0x00000000a2a00000, 0x00000000a2b00000, 0x00000000a2b00000|100%| O|  |TAMS 0x00000000a2b00000, 0x00000000a2a00000| Untracked 
|  31|0x00000000a2b00000, 0x00000000a2c00000, 0x00000000a2c00000|100%| O|  |TAMS 0x00000000a2c00000, 0x00000000a2b00000| Untracked 
|  32|0x00000000a2c00000, 0x00000000a2d00000, 0x00000000a2d00000|100%| O|  |TAMS 0x00000000a2d00000, 0x00000000a2c00000| Untracked 
|  33|0x00000000a2d00000, 0x00000000a2e00000, 0x00000000a2e00000|100%| O|  |TAMS 0x00000000a2e00000, 0x00000000a2d00000| Untracked 
|  34|0x00000000a2e00000, 0x00000000a2f00000, 0x00000000a2f00000|100%| O|  |TAMS 0x00000000a2f00000, 0x00000000a2e00000| Untracked 
|  35|0x00000000a2f00000, 0x00000000a3000000, 0x00000000a3000000|100%| O|  |TAMS 0x00000000a3000000, 0x00000000a2f00000| Untracked 
|  36|0x00000000a3000000, 0x00000000a3100000, 0x00000000a3100000|100%| O|  |TAMS 0x00000000a3100000, 0x00000000a3000000| Untracked 
|  37|0x00000000a3100000, 0x00000000a3200000, 0x00000000a3200000|100%| O|  |TAMS 0x00000000a3200000, 0x00000000a3100000| Untracked 
|  38|0x00000000a3200000, 0x00000000a3300000, 0x00000000a3300000|100%| O|  |TAMS 0x00000000a3300000, 0x00000000a3200000| Untracked 
|  39|0x00000000a3300000, 0x00000000a3400000, 0x00000000a3400000|100%| O|  |TAMS 0x00000000a3400000, 0x00000000a3300000| Untracked 
|  40|0x00000000a3400000, 0x00000000a3500000, 0x00000000a3500000|100%| O|  |TAMS 0x00000000a3500000, 0x00000000a3400000| Untracked 
|  41|0x00000000a3500000, 0x00000000a3600000, 0x00000000a3600000|100%| O|  |TAMS 0x00000000a3600000, 0x00000000a3500000| Untracked 
|  42|0x00000000a3600000, 0x00000000a3700000, 0x00000000a3700000|100%| O|  |TAMS 0x00000000a3700000, 0x00000000a3600000| Untracked 
|  43|0x00000000a3700000, 0x00000000a3800000, 0x00000000a3800000|100%| O|  |TAMS 0x00000000a3800000, 0x00000000a3700000| Untracked 
|  44|0x00000000a3800000, 0x00000000a3900000, 0x00000000a3900000|100%| O|  |TAMS 0x00000000a3900000, 0x00000000a3800000| Untracked 
|  45|0x00000000a3900000, 0x00000000a3a00000, 0x00000000a3a00000|100%| O|  |TAMS 0x00000000a3a00000, 0x00000000a3900000| Untracked 
|  46|0x00000000a3a00000, 0x00000000a3b00000, 0x00000000a3b00000|100%| O|  |TAMS 0x00000000a3b00000, 0x00000000a3a00000| Untracked 
|  47|0x00000000a3b00000, 0x00000000a3c00000, 0x00000000a3c00000|100%| O|  |TAMS 0x00000000a3b00000, 0x00000000a3b00000| Untracked 
|  48|0x00000000a3c00000, 0x00000000a3d00000, 0x00000000a3d00000|100%| O|  |TAMS 0x00000000a3d00000, 0x00000000a3c00000| Untracked 
|  49|0x00000000a3d00000, 0x00000000a3e00000, 0x00000000a3e00000|100%| O|  |TAMS 0x00000000a3d00000, 0x00000000a3d00000| Untracked 
|  50|0x00000000a3e00000, 0x00000000a3f00000, 0x00000000a3f00000|100%| O|  |TAMS 0x00000000a3e00000, 0x00000000a3e00000| Untracked 
|  51|0x00000000a3f00000, 0x00000000a4000000, 0x00000000a4000000|100%| O|  |TAMS 0x00000000a3f00000, 0x00000000a3f00000| Untracked 
|  52|0x00000000a4000000, 0x00000000a4100000, 0x00000000a4100000|100%| O|  |TAMS 0x00000000a4000000, 0x00000000a4000000| Untracked 
|  53|0x00000000a4100000, 0x00000000a4200000, 0x00000000a4200000|100%| O|  |TAMS 0x00000000a4100000, 0x00000000a4100000| Untracked 
|  54|0x00000000a4200000, 0x00000000a4300000, 0x00000000a4300000|100%| O|  |TAMS 0x00000000a4200000, 0x00000000a4200000| Untracked 
|  55|0x00000000a4300000, 0x00000000a4400000, 0x00000000a4400000|100%| O|  |TAMS 0x00000000a4300000, 0x00000000a4300000| Untracked 
|  56|0x00000000a4400000, 0x00000000a4500000, 0x00000000a4500000|100%| O|  |TAMS 0x00000000a4400000, 0x00000000a4400000| Untracked 
|  57|0x00000000a4500000, 0x00000000a4600000, 0x00000000a4600000|100%| O|  |TAMS 0x00000000a4500000, 0x00000000a4500000| Untracked 
|  58|0x00000000a4600000, 0x00000000a4700000, 0x00000000a4700000|100%| O|  |TAMS 0x00000000a4600000, 0x00000000a4600000| Untracked 
|  59|0x00000000a4700000, 0x00000000a4800000, 0x00000000a4800000|100%| O|  |TAMS 0x00000000a4700000, 0x00000000a4700000| Untracked 
|  60|0x00000000a4800000, 0x00000000a4900000, 0x00000000a4900000|100%| O|  |TAMS 0x00000000a4800000, 0x00000000a4800000| Untracked 
|  61|0x00000000a4900000, 0x00000000a4a00000, 0x00000000a4a00000|100%| O|  |TAMS 0x00000000a4900000, 0x00000000a4900000| Untracked 
|  62|0x00000000a4a00000, 0x00000000a4b00000, 0x00000000a4b00000|100%| O|  |TAMS 0x00000000a4a00000, 0x00000000a4a00000| Untracked 
|  63|0x00000000a4b00000, 0x00000000a4c00000, 0x00000000a4c00000|100%| O|  |TAMS 0x00000000a4b00000, 0x00000000a4b00000| Untracked 
|  64|0x00000000a4c00000, 0x00000000a4d00000, 0x00000000a4d00000|100%| O|  |TAMS 0x00000000a4c00000, 0x00000000a4c00000| Untracked 
|  65|0x00000000a4d00000, 0x00000000a4d00000, 0x00000000a4e00000|  0%| F|  |TAMS 0x00000000a4d00000, 0x00000000a4d00000| Untracked 
|  66|0x00000000a4e00000, 0x00000000a4e00000, 0x00000000a4f00000|  0%| F|  |TAMS 0x00000000a4e00000, 0x00000000a4e00000| Untracked 
|  67|0x00000000a4f00000, 0x00000000a4f00000, 0x00000000a5000000|  0%| F|  |TAMS 0x00000000a4f00000, 0x00000000a4f00000| Untracked 
|  68|0x00000000a5000000, 0x00000000a5000000, 0x00000000a5100000|  0%| F|  |TAMS 0x00000000a5000000, 0x00000000a5000000| Untracked 
|  69|0x00000000a5100000, 0x00000000a5100000, 0x00000000a5200000|  0%| F|  |TAMS 0x00000000a5100000, 0x00000000a5100000| Untracked 
|  70|0x00000000a5200000, 0x00000000a5200000, 0x00000000a5300000|  0%| F|  |TAMS 0x00000000a5200000, 0x00000000a5200000| Untracked 
|  71|0x00000000a5300000, 0x00000000a5300000, 0x00000000a5400000|  0%| F|  |TAMS 0x00000000a5300000, 0x00000000a5300000| Untracked 
|  72|0x00000000a5400000, 0x00000000a5400000, 0x00000000a5500000|  0%| F|  |TAMS 0x00000000a5400000, 0x00000000a5400000| Untracked 
|  73|0x00000000a5500000, 0x00000000a5500000, 0x00000000a5600000|  0%| F|  |TAMS 0x00000000a5500000, 0x00000000a5500000| Untracked 
|  74|0x00000000a5600000, 0x00000000a5600000, 0x00000000a5700000|  0%| F|  |TAMS 0x00000000a5600000, 0x00000000a5600000| Untracked 
|  75|0x00000000a5700000, 0x00000000a5700000, 0x00000000a5800000|  0%| F|  |TAMS 0x00000000a5700000, 0x00000000a5700000| Untracked 
|  76|0x00000000a5800000, 0x00000000a5800000, 0x00000000a5900000|  0%| F|  |TAMS 0x00000000a5800000, 0x00000000a5800000| Untracked 
|  77|0x00000000a5900000, 0x00000000a5900000, 0x00000000a5a00000|  0%| F|  |TAMS 0x00000000a5900000, 0x00000000a5900000| Untracked 
|  78|0x00000000a5a00000, 0x00000000a5a00000, 0x00000000a5b00000|  0%| F|  |TAMS 0x00000000a5a00000, 0x00000000a5a00000| Untracked 
|  79|0x00000000a5b00000, 0x00000000a5b00000, 0x00000000a5c00000|  0%| F|  |TAMS 0x00000000a5b00000, 0x00000000a5b00000| Untracked 
|  80|0x00000000a5c00000, 0x00000000a5c00000, 0x00000000a5d00000|  0%| F|  |TAMS 0x00000000a5c00000, 0x00000000a5c00000| Untracked 
|  81|0x00000000a5d00000, 0x00000000a5d00000, 0x00000000a5e00000|  0%| F|  |TAMS 0x00000000a5d00000, 0x00000000a5d00000| Untracked 
|  82|0x00000000a5e00000, 0x00000000a5e00000, 0x00000000a5f00000|  0%| F|  |TAMS 0x00000000a5e00000, 0x00000000a5e00000| Untracked 
|  83|0x00000000a5f00000, 0x00000000a5f00000, 0x00000000a6000000|  0%| F|  |TAMS 0x00000000a5f00000, 0x00000000a5f00000| Untracked 
|  84|0x00000000a6000000, 0x00000000a6000000, 0x00000000a6100000|  0%| F|  |TAMS 0x00000000a6000000, 0x00000000a6000000| Untracked 
|  85|0x00000000a6100000, 0x00000000a6100000, 0x00000000a6200000|  0%| F|  |TAMS 0x00000000a6100000, 0x00000000a6100000| Untracked 
|  86|0x00000000a6200000, 0x00000000a6200000, 0x00000000a6300000|  0%| F|  |TAMS 0x00000000a6200000, 0x00000000a6200000| Untracked 
|  87|0x00000000a6300000, 0x00000000a6300000, 0x00000000a6400000|  0%| F|  |TAMS 0x00000000a6300000, 0x00000000a6300000| Untracked 
|  88|0x00000000a6400000, 0x00000000a6400000, 0x00000000a6500000|  0%| F|  |TAMS 0x00000000a6400000, 0x00000000a6400000| Untracked 
|  89|0x00000000a6500000, 0x00000000a6600000, 0x00000000a6600000|100%| S|  |TAMS 0x00000000a6500000, 0x00000000a6500000| Complete 
|  90|0x00000000a6600000, 0x00000000a6700000, 0x00000000a6700000|100%| S|  |TAMS 0x00000000a6600000, 0x00000000a6600000| Complete 
|  91|0x00000000a6700000, 0x00000000a6800000, 0x00000000a6800000|100%| E|CS|TAMS 0x00000000a6700000, 0x00000000a6700000| Complete 
|  92|0x00000000a6800000, 0x00000000a6900000, 0x00000000a6900000|100%| E|CS|TAMS 0x00000000a6800000, 0x00000000a6800000| Complete 
|  93|0x00000000a6900000, 0x00000000a6a00000, 0x00000000a6a00000|100%| E|CS|TAMS 0x00000000a6900000, 0x00000000a6900000| Complete 
|  94|0x00000000a6a00000, 0x00000000a6b00000, 0x00000000a6b00000|100%| S|  |TAMS 0x00000000a6a00000, 0x00000000a6a00000| Complete 
|  95|0x00000000a6b00000, 0x00000000a6c00000, 0x00000000a6c00000|100%| S|  |TAMS 0x00000000a6b00000, 0x00000000a6b00000| Complete 
|  96|0x00000000a6c00000, 0x00000000a6d00000, 0x00000000a6d00000|100%| S|  |TAMS 0x00000000a6c00000, 0x00000000a6c00000| Complete 
|  97|0x00000000a6d00000, 0x00000000a6e00000, 0x00000000a6e00000|100%| S|  |TAMS 0x00000000a6d00000, 0x00000000a6d00000| Complete 
|  98|0x00000000a6e00000, 0x00000000a6f00000, 0x00000000a6f00000|100%| E|CS|TAMS 0x00000000a6e00000, 0x00000000a6e00000| Complete 
|  99|0x00000000a6f00000, 0x00000000a7000000, 0x00000000a7000000|100%| E|CS|TAMS 0x00000000a6f00000, 0x00000000a6f00000| Complete 
| 100|0x00000000a7000000, 0x00000000a7100000, 0x00000000a7100000|100%| E|CS|TAMS 0x00000000a7000000, 0x00000000a7000000| Complete 
| 101|0x00000000a7100000, 0x00000000a7200000, 0x00000000a7200000|100%| E|CS|TAMS 0x00000000a7100000, 0x00000000a7100000| Complete 
| 102|0x00000000a7200000, 0x00000000a7300000, 0x00000000a7300000|100%| E|CS|TAMS 0x00000000a7200000, 0x00000000a7200000| Complete 
| 103|0x00000000a7300000, 0x00000000a7400000, 0x00000000a7400000|100%| E|CS|TAMS 0x00000000a7300000, 0x00000000a7300000| Complete 
| 104|0x00000000a7400000, 0x00000000a7500000, 0x00000000a7500000|100%| E|CS|TAMS 0x00000000a7400000, 0x00000000a7400000| Complete 
| 105|0x00000000a7500000, 0x00000000a7600000, 0x00000000a7600000|100%| E|CS|TAMS 0x00000000a7500000, 0x00000000a7500000| Complete 
| 106|0x00000000a7600000, 0x00000000a7700000, 0x00000000a7700000|100%| E|CS|TAMS 0x00000000a7600000, 0x00000000a7600000| Complete 
| 107|0x00000000a7700000, 0x00000000a7800000, 0x00000000a7800000|100%| E|CS|TAMS 0x00000000a7700000, 0x00000000a7700000| Complete 
| 108|0x00000000a7800000, 0x00000000a7900000, 0x00000000a7900000|100%| E|CS|TAMS 0x00000000a7800000, 0x00000000a7800000| Complete 
| 109|0x00000000a7900000, 0x00000000a7a00000, 0x00000000a7a00000|100%| E|CS|TAMS 0x00000000a7900000, 0x00000000a7900000| Complete 
| 110|0x00000000a7a00000, 0x00000000a7b00000, 0x00000000a7b00000|100%| E|CS|TAMS 0x00000000a7a00000, 0x00000000a7a00000| Complete 
| 111|0x00000000a7b00000, 0x00000000a7c00000, 0x00000000a7c00000|100%| E|CS|TAMS 0x00000000a7b00000, 0x00000000a7b00000| Complete 
| 112|0x00000000a7c00000, 0x00000000a7d00000, 0x00000000a7d00000|100%| E|CS|TAMS 0x00000000a7c00000, 0x00000000a7c00000| Complete 
| 113|0x00000000a7d00000, 0x00000000a7e00000, 0x00000000a7e00000|100%| E|CS|TAMS 0x00000000a7d00000, 0x00000000a7d00000| Complete 
| 114|0x00000000a7e00000, 0x00000000a7f00000, 0x00000000a7f00000|100%| E|CS|TAMS 0x00000000a7e00000, 0x00000000a7e00000| Complete 
| 115|0x00000000a7f00000, 0x00000000a8000000, 0x00000000a8000000|100%| E|CS|TAMS 0x00000000a7f00000, 0x00000000a7f00000| Complete 
| 116|0x00000000a8000000, 0x00000000a8100000, 0x00000000a8100000|100%| E|CS|TAMS 0x00000000a8000000, 0x00000000a8000000| Complete 
| 117|0x00000000a8100000, 0x00000000a8200000, 0x00000000a8200000|100%| E|CS|TAMS 0x00000000a8100000, 0x00000000a8100000| Complete 
| 118|0x00000000a8200000, 0x00000000a8300000, 0x00000000a8300000|100%| E|CS|TAMS 0x00000000a8200000, 0x00000000a8200000| Complete 
| 119|0x00000000a8300000, 0x00000000a8400000, 0x00000000a8400000|100%| E|CS|TAMS 0x00000000a8300000, 0x00000000a8300000| Complete 
| 120|0x00000000a8400000, 0x00000000a8500000, 0x00000000a8500000|100%| E|CS|TAMS 0x00000000a8400000, 0x00000000a8400000| Complete 
| 121|0x00000000a8500000, 0x00000000a8600000, 0x00000000a8600000|100%| E|CS|TAMS 0x00000000a8500000, 0x00000000a8500000| Complete 
| 122|0x00000000a8600000, 0x00000000a8700000, 0x00000000a8700000|100%| E|CS|TAMS 0x00000000a8600000, 0x00000000a8600000| Complete 
| 123|0x00000000a8700000, 0x00000000a8800000, 0x00000000a8800000|  0%| F|  |TAMS 0x00000000a8700000, 0x00000000a8700000| Complete 
| 124|0x00000000a8800000, 0x00000000a8800000, 0x00000000a8900000|  0%| F|  |TAMS 0x00000000a8800000, 0x00000000a8800000| Complete 
| 125|0x00000000a8900000, 0x00000000a8900000, 0x00000000a8a00000|  0%| F|  |TAMS 0x00000000a8900000, 0x00000000a8900000| Untracked 
| 126|0x00000000a8a00000, 0x00000000a8a00000, 0x00000000a8b00000|  0%| F|  |TAMS 0x00000000a8a00000, 0x00000000a8a00000| Untracked 
| 127|0x00000000a8b00000, 0x00000000a8b00000, 0x00000000a8c00000|  0%| F|  |TAMS 0x00000000a8b00000, 0x00000000a8b00000| Untracked 
| 128|0x00000000a8c00000, 0x00000000a8c00000, 0x00000000a8d00000|  0%| F|  |TAMS 0x00000000a8c00000, 0x00000000a8c00000| Untracked 
| 129|0x00000000a8d00000, 0x00000000a8d00000, 0x00000000a8e00000|  0%| F|  |TAMS 0x00000000a8d00000, 0x00000000a8d00000| Untracked 
| 130|0x00000000a8e00000, 0x00000000a8e00000, 0x00000000a8f00000|  0%| F|  |TAMS 0x00000000a8e00000, 0x00000000a8e00000| Untracked 
| 131|0x00000000a8f00000, 0x00000000a8f00000, 0x00000000a9000000|  0%| F|  |TAMS 0x00000000a8f00000, 0x00000000a8f00000| Untracked 
| 132|0x00000000a9000000, 0x00000000a9000000, 0x00000000a9100000|  0%| F|  |TAMS 0x00000000a9000000, 0x00000000a9000000| Untracked 
| 133|0x00000000a9100000, 0x00000000a9100000, 0x00000000a9200000|  0%| F|  |TAMS 0x00000000a9100000, 0x00000000a9100000| Untracked 
| 134|0x00000000a9200000, 0x00000000a9200000, 0x00000000a9300000|  0%| F|  |TAMS 0x00000000a9200000, 0x00000000a9200000| Untracked 
| 135|0x00000000a9300000, 0x00000000a9300000, 0x00000000a9400000|  0%| F|  |TAMS 0x00000000a9300000, 0x00000000a9300000| Untracked 
| 136|0x00000000a9400000, 0x00000000a9400000, 0x00000000a9500000|  0%| F|  |TAMS 0x00000000a9400000, 0x00000000a9400000| Untracked 
| 137|0x00000000a9500000, 0x00000000a9500000, 0x00000000a9600000|  0%| F|  |TAMS 0x00000000a9500000, 0x00000000a9500000| Untracked 
| 138|0x00000000a9600000, 0x00000000a9600000, 0x00000000a9700000|  0%| F|  |TAMS 0x00000000a9600000, 0x00000000a9600000| Untracked 
| 139|0x00000000a9700000, 0x00000000a9700000, 0x00000000a9800000|  0%| F|  |TAMS 0x00000000a9700000, 0x00000000a9700000| Untracked 
| 140|0x00000000a9800000, 0x00000000a9800000, 0x00000000a9900000|  0%| F|  |TAMS 0x00000000a9800000, 0x00000000a9800000| Untracked 
| 141|0x00000000a9900000, 0x00000000a9900000, 0x00000000a9a00000|  0%| F|  |TAMS 0x00000000a9900000, 0x00000000a9900000| Untracked 
| 142|0x00000000a9a00000, 0x00000000a9a00000, 0x00000000a9b00000|  0%| F|  |TAMS 0x00000000a9a00000, 0x00000000a9a00000| Untracked 

Card table byte_map: [0x000001e6be280000,0x000001e6be580000] _byte_map_base: 0x000001e6bdd7a000

Marking Bits (Prev, Next): (CMBitMap*) 0x000001e6ab176cb8, (CMBitMap*) 0x000001e6ab176cf0
 Prev Bits: [0x000001e6be880000, 0x000001e6c0050000)
 Next Bits: [0x000001e6c0050000, 0x000001e6c1820000)

Polling page: 0x000001e6a90b0000

Metaspace:

Usage:
  Non-class:     69.57 MB capacity,    69.03 MB (>99%) used,   416.00 KB ( <1%) free+waste,   132.06 KB ( <1%) overhead. 
      Class:      8.86 MB capacity,     8.50 MB ( 96%) used,   313.80 KB (  3%) free+waste,    56.06 KB ( <1%) overhead. 
       Both:     78.43 MB capacity,    77.53 MB ( 99%) used,   729.80 KB ( <1%) free+waste,   188.13 KB ( <1%) overhead. 

Virtual space:
  Non-class space:       70.00 MB reserved,      69.75 MB (>99%) committed 
      Class space:        1.00 GB reserved,       8.95 MB ( <1%) committed 
             Both:        1.07 GB reserved,      78.70 MB (  7%) committed 

Chunk freelists:
   Non-Class:  58.00 KB
       Class:  15.00 KB
        Both:  73.00 KB

MaxMetaspaceSize: 17179869184.00 GB
CompressedClassSpaceSize: 1.00 GB
Initial GC threshold: 20.80 MB
Current GC threshold: 106.38 MB
CDS: off

CodeHeap 'non-profiled nmethods': size=120000Kb used=4236Kb max_used=4236Kb free=115763Kb
 bounds [0x000001e6b6720000, 0x000001e6b6b50000, 0x000001e6bdc50000]
CodeHeap 'profiled nmethods': size=120000Kb used=32838Kb max_used=32838Kb free=87161Kb
 bounds [0x000001e6af1f0000, 0x000001e6b1210000, 0x000001e6b6720000]
CodeHeap 'non-nmethods': size=5760Kb used=1391Kb max_used=1426Kb free=4368Kb
 bounds [0x000001e6aec50000, 0x000001e6aeec0000, 0x000001e6af1f0000]
 total_blobs=12540 nmethods=11855 adapters=594
 compilation: enabled
              stopped_count=0, restarted_count=0
 full_count=0

Compilation events (20 events):
Event: 16.926 Thread 0x000001e6c428c000 nmethod 12028 0x000001e6b11e9f90 code [0x000001e6b11ea260, 0x000001e6b11eae28]
Event: 16.926 Thread 0x000001e6c428c000 12029       3       org.jetbrains.kotlin.backend.common.DeclarationTransformer$Visitor::visitSimpleFunction (7 bytes)
Event: 16.927 Thread 0x000001e6c428c000 nmethod 12029 0x000001e6b11eb290 code [0x000001e6b11eb540, 0x000001e6b11ebfc8]
Event: 16.927 Thread 0x000001e6c428c000 12030       3       org.jetbrains.kotlin.backend.common.DeclarationTransformer$Visitor::visitSimpleFunction (6 bytes)
Event: 16.927 Thread 0x000001e6c428c000 nmethod 12030 0x000001e6b11ec410 code [0x000001e6b11ec640, 0x000001e6b11ecc68]
Event: 16.927 Thread 0x000001e6c428c000 12026       3       org.jetbrains.kotlin.backend.common.DeclarationTransformer$Visitor::visitExpression (6 bytes)
Event: 16.928 Thread 0x000001e6c428c000 nmethod 12026 0x000001e6b11ecf10 code [0x000001e6b11ed240, 0x000001e6b11ee248]
Event: 16.928 Thread 0x000001e6c428c000 12025       3       org.jetbrains.kotlin.backend.common.DeclarationTransformer$Visitor::visitDeclarationReference (6 bytes)
Event: 16.929 Thread 0x000001e6c428c000 nmethod 12025 0x000001e6b11ee810 code [0x000001e6b11eeb40, 0x000001e6b11ef9c8]
Event: 16.929 Thread 0x000001e6c428c000 12034       3       org.jetbrains.kotlin.ir.visitors.IrElementVisitorVoid$DefaultImpls::visitBlock (14 bytes)
Event: 16.930 Thread 0x000001e6c428c000 nmethod 12034 0x000001e6b11eff10 code [0x000001e6b11f0140, 0x000001e6b11f0768]
Event: 16.930 Thread 0x000001e6c428c000 12036       1       org.jetbrains.kotlin.ir.declarations.lazy.IrLazyFunction::isFakeOverride (5 bytes)
Event: 16.930 Thread 0x000001e6c428c000 nmethod 12036 0x000001e6b6b42590 code [0x000001e6b6b42740, 0x000001e6b6b427f8]
Event: 16.930 Thread 0x000001e6c428c000 12035       1       org.jetbrains.kotlin.ir.declarations.lazy.IrLazyClass::getKind (5 bytes)
Event: 16.930 Thread 0x000001e6c428c000 nmethod 12035 0x000001e6b6b42890 code [0x000001e6b6b42a40, 0x000001e6b6b42af8]
Event: 16.930 Thread 0x000001e6c428c000 12037       1       org.jetbrains.kotlin.ir.declarations.lazy.IrLazyFunction::getModality (5 bytes)
Event: 16.930 Thread 0x000001e6c428c000 nmethod 12037 0x000001e6b6b42b90 code [0x000001e6b6b42d40, 0x000001e6b6b42df8]
Event: 16.930 Thread 0x000001e6c428c000 12038       1       org.jetbrains.kotlin.ir.declarations.impl.IrFunctionImpl::isFakeOverride (5 bytes)
Event: 16.930 Thread 0x000001e6c428c000 nmethod 12038 0x000001e6b6b42e90 code [0x000001e6b6b43040, 0x000001e6b6b430f8]
Event: 16.931 Thread 0x000001e6c428c000 12039       3       org.jetbrains.kotlin.backend.common.ClassLoweringVisitor::visitTypeOperator (13 bytes)

GC Heap History (20 events):
Event: 5.062 GC heap before
{Heap before GC invocations=4 (full 0):
 garbage-first heap   total 98304K, used 41711K [0x00000000a0c00000, 0x0000000100000000)
  region size 1024K, 29 young (29696K), 7 survivors (7168K)
 Metaspace       used 35383K, capacity 35791K, committed 35840K, reserved 1081344K
  class space    used 4384K, capacity 4568K, committed 4608K, reserved 1048576K
}
Event: 5.084 GC heap after
{Heap after GC invocations=5 (full 0):
 garbage-first heap   total 98304K, used 21234K [0x00000000a0c00000, 0x0000000100000000)
  region size 1024K, 3 young (3072K), 3 survivors (3072K)
 Metaspace       used 35383K, capacity 35791K, committed 35840K, reserved 1081344K
  class space    used 4384K, capacity 4568K, committed 4608K, reserved 1048576K
}
Event: 5.899 GC heap before
{Heap before GC invocations=6 (full 0):
 garbage-first heap   total 98304K, used 59122K [0x00000000a0c00000, 0x0000000100000000)
  region size 1024K, 40 young (40960K), 3 survivors (3072K)
 Metaspace       used 42870K, capacity 43297K, committed 43520K, reserved 1087488K
  class space    used 5126K, capacity 5316K, committed 5376K, reserved 1048576K
}
Event: 5.911 GC heap after
{Heap after GC invocations=7 (full 0):
 garbage-first heap   total 118784K, used 25284K [0x00000000a0c00000, 0x0000000100000000)
  region size 1024K, 4 young (4096K), 4 survivors (4096K)
 Metaspace       used 42870K, capacity 43297K, committed 43520K, reserved 1087488K
  class space    used 5126K, capacity 5316K, committed 5376K, reserved 1048576K
}
Event: 6.856 GC heap before
{Heap before GC invocations=7 (full 0):
 garbage-first heap   total 118784K, used 74436K [0x00000000a0c00000, 0x0000000100000000)
  region size 1024K, 49 young (50176K), 4 survivors (4096K)
 Metaspace       used 48151K, capacity 48637K, committed 48896K, reserved 1091584K
  class space    used 5665K, capacity 5879K, committed 5888K, reserved 1048576K
}
Event: 6.876 GC heap after
{Heap after GC invocations=8 (full 0):
 garbage-first heap   total 118784K, used 32402K [0x00000000a0c00000, 0x0000000100000000)
  region size 1024K, 7 young (7168K), 7 survivors (7168K)
 Metaspace       used 48151K, capacity 48637K, committed 48896K, reserved 1091584K
  class space    used 5665K, capacity 5879K, committed 5888K, reserved 1048576K
}
Event: 8.041 GC heap before
{Heap before GC invocations=8 (full 0):
 garbage-first heap   total 118784K, used 78482K [0x00000000a0c00000, 0x0000000100000000)
  region size 1024K, 52 young (53248K), 7 survivors (7168K)
 Metaspace       used 53749K, capacity 54382K, committed 54656K, reserved 1097728K
  class space    used 6188K, capacity 6458K, committed 6528K, reserved 1048576K
}
Event: 8.072 GC heap after
{Heap after GC invocations=9 (full 0):
 garbage-first heap   total 118784K, used 39550K [0x00000000a0c00000, 0x0000000100000000)
  region size 1024K, 7 young (7168K), 7 survivors (7168K)
 Metaspace       used 53749K, capacity 54382K, committed 54656K, reserved 1097728K
  class space    used 6188K, capacity 6458K, committed 6528K, reserved 1048576K
}
Event: 9.083 GC heap before
{Heap before GC invocations=9 (full 0):
 garbage-first heap   total 118784K, used 82558K [0x00000000a0c00000, 0x0000000100000000)
  region size 1024K, 49 young (50176K), 7 survivors (7168K)
 Metaspace       used 54704K, capacity 55326K, committed 55424K, reserved 1097728K
  class space    used 6224K, capacity 6495K, committed 6528K, reserved 1048576K
}
Event: 9.138 GC heap after
{Heap after GC invocations=10 (full 0):
 garbage-first heap   total 118784K, used 47104K [0x00000000a0c00000, 0x0000000100000000)
  region size 1024K, 7 young (7168K), 7 survivors (7168K)
 Metaspace       used 54704K, capacity 55326K, committed 55424K, reserved 1097728K
  class space    used 6224K, capacity 6495K, committed 6528K, reserved 1048576K
}
Event: 9.886 GC heap before
{Heap before GC invocations=10 (full 0):
 garbage-first heap   total 118784K, used 86016K [0x00000000a0c00000, 0x0000000100000000)
  region size 1024K, 45 young (46080K), 7 survivors (7168K)
 Metaspace       used 58402K, capacity 59114K, committed 59264K, reserved 1101824K
  class space    used 6649K, capacity 6924K, committed 7040K, reserved 1048576K
}
Event: 9.919 GC heap after
{Heap after GC invocations=11 (full 0):
 garbage-first heap   total 146432K, used 50176K [0x00000000a0c00000, 0x0000000100000000)
  region size 1024K, 3 young (3072K), 3 survivors (3072K)
 Metaspace       used 58402K, capacity 59114K, committed 59264K, reserved 1101824K
  class space    used 6649K, capacity 6924K, committed 7040K, reserved 1048576K
}
Event: 10.025 GC heap before
{Heap before GC invocations=11 (full 0):
 garbage-first heap   total 146432K, used 52224K [0x00000000a0c00000, 0x0000000100000000)
  region size 1024K, 6 young (6144K), 3 survivors (3072K)
 Metaspace       used 59337K, capacity 60032K, committed 60160K, reserved 1101824K
  class space    used 6802K, capacity 7103K, committed 7168K, reserved 1048576K
}
Event: 10.032 GC heap after
{Heap after GC invocations=12 (full 0):
 garbage-first heap   total 146432K, used 50473K [0x00000000a0c00000, 0x0000000100000000)
  region size 1024K, 3 young (3072K), 3 survivors (3072K)
 Metaspace       used 59337K, capacity 60032K, committed 60160K, reserved 1101824K
  class space    used 6802K, capacity 7103K, committed 7168K, reserved 1048576K
}
Event: 11.526 GC heap before
{Heap before GC invocations=13 (full 0):
 garbage-first heap   total 146432K, used 98601K [0x00000000a0c00000, 0x0000000100000000)
  region size 1024K, 49 young (50176K), 3 survivors (3072K)
 Metaspace       used 64323K, capacity 65112K, committed 65356K, reserved 1107968K
  class space    used 7358K, capacity 7659K, committed 7756K, reserved 1048576K
}
Event: 11.542 GC heap after
{Heap after GC invocations=14 (full 0):
 garbage-first heap   total 146432K, used 56320K [0x00000000a0c00000, 0x0000000100000000)
  region size 1024K, 7 young (7168K), 7 survivors (7168K)
 Metaspace       used 64323K, capacity 65112K, committed 65356K, reserved 1107968K
  class space    used 7358K, capacity 7659K, committed 7756K, reserved 1048576K
}
Event: 13.806 GC heap before
{Heap before GC invocations=15 (full 0):
 garbage-first heap   total 146432K, used 102400K [0x00000000a0c00000, 0x0000000100000000)
  region size 1024K, 52 young (53248K), 7 survivors (7168K)
 Metaspace       used 66996K, capacity 67804K, committed 68044K, reserved 1110016K
  class space    used 7451K, capacity 7773K, committed 7884K, reserved 1048576K
}
Event: 13.837 GC heap after
{Heap after GC invocations=16 (full 0):
 garbage-first heap   total 146432K, used 62313K [0x00000000a0c00000, 0x0000000100000000)
  region size 1024K, 6 young (6144K), 6 survivors (6144K)
 Metaspace       used 66996K, capacity 67804K, committed 68044K, reserved 1110016K
  class space    used 7451K, capacity 7773K, committed 7884K, reserved 1048576K
}
Event: 15.335 GC heap before
{Heap before GC invocations=16 (full 0):
 garbage-first heap   total 146432K, used 106345K [0x00000000a0c00000, 0x0000000100000000)
  region size 1024K, 49 young (50176K), 6 survivors (6144K)
 Metaspace       used 72688K, capacity 73553K, committed 73676K, reserved 1114112K
  class space    used 7971K, capacity 8335K, committed 8396K, reserved 1048576K
}
Event: 15.356 GC heap after
{Heap after GC invocations=17 (full 0):
 garbage-first heap   total 146432K, used 67308K [0x00000000a0c00000, 0x0000000100000000)
  region size 1024K, 5 young (5120K), 5 survivors (5120K)
 Metaspace       used 72688K, capacity 73553K, committed 73676K, reserved 1114112K
  class space    used 7971K, capacity 8335K, committed 8396K, reserved 1048576K
}

Deoptimization events (20 events):
Event: 16.732 Thread 0x000001e6ab140800 Uncommon trap: trap_request=0xffffffc6 fr.pc=0x000001e6b6af9fa0 relative=0x0000000000000560
Event: 16.732 Thread 0x000001e6ab140800 Uncommon trap: reason=bimorphic_or_optimized_type_check action=maybe_recompile pc=0x000001e6b6af9fa0 method=org.jetbrains.kotlin.descriptors.impl.FunctionDescriptorImpl.isOperator()Z @ 44 c2
Event: 16.732 Thread 0x000001e6ab140800 DEOPT PACKING pc=0x000001e6b6af9fa0 sp=0x000000a0ceffd8e0
Event: 16.732 Thread 0x000001e6ab140800 DEOPT UNPACKING pc=0x000001e6aec9a1af sp=0x000000a0ceffd868 mode 2
Event: 16.791 Thread 0x000001e6ab140800 Uncommon trap: trap_request=0xffffffde fr.pc=0x000001e6b683a06c relative=0x000000000000062c
Event: 16.791 Thread 0x000001e6ab140800 Uncommon trap: reason=class_check action=maybe_recompile pc=0x000001e6b683a06c method=java.lang.AbstractStringBuilder.append(Ljava/lang/CharSequence;)Ljava/lang/AbstractStringBuilder; @ 10 c2
Event: 16.791 Thread 0x000001e6ab140800 DEOPT PACKING pc=0x000001e6b683a06c sp=0x000000a0ceffd040
Event: 16.791 Thread 0x000001e6ab140800 DEOPT UNPACKING pc=0x000001e6aec9a1af sp=0x000000a0ceffd030 mode 2
Event: 16.791 Thread 0x000001e6ab140800 Uncommon trap: trap_request=0xffffffde fr.pc=0x000001e6b683a06c relative=0x000000000000062c
Event: 16.791 Thread 0x000001e6ab140800 Uncommon trap: reason=class_check action=maybe_recompile pc=0x000001e6b683a06c method=java.lang.AbstractStringBuilder.append(Ljava/lang/CharSequence;)Ljava/lang/AbstractStringBuilder; @ 10 c2
Event: 16.791 Thread 0x000001e6ab140800 DEOPT PACKING pc=0x000001e6b683a06c sp=0x000000a0ceffd040
Event: 16.791 Thread 0x000001e6ab140800 DEOPT UNPACKING pc=0x000001e6aec9a1af sp=0x000000a0ceffd030 mode 2
Event: 16.792 Thread 0x000001e6ab140800 Uncommon trap: trap_request=0xffffffde fr.pc=0x000001e6b683a06c relative=0x000000000000062c
Event: 16.792 Thread 0x000001e6ab140800 Uncommon trap: reason=class_check action=maybe_recompile pc=0x000001e6b683a06c method=java.lang.AbstractStringBuilder.append(Ljava/lang/CharSequence;)Ljava/lang/AbstractStringBuilder; @ 10 c2
Event: 16.792 Thread 0x000001e6ab140800 DEOPT PACKING pc=0x000001e6b683a06c sp=0x000000a0ceffd040
Event: 16.792 Thread 0x000001e6ab140800 DEOPT UNPACKING pc=0x000001e6aec9a1af sp=0x000000a0ceffd030 mode 2
Event: 16.792 Thread 0x000001e6ab140800 Uncommon trap: trap_request=0xffffffde fr.pc=0x000001e6b683a06c relative=0x000000000000062c
Event: 16.792 Thread 0x000001e6ab140800 Uncommon trap: reason=class_check action=maybe_recompile pc=0x000001e6b683a06c method=java.lang.AbstractStringBuilder.append(Ljava/lang/CharSequence;)Ljava/lang/AbstractStringBuilder; @ 10 c2
Event: 16.792 Thread 0x000001e6ab140800 DEOPT PACKING pc=0x000001e6b683a06c sp=0x000000a0ceffd040
Event: 16.792 Thread 0x000001e6ab140800 DEOPT UNPACKING pc=0x000001e6aec9a1af sp=0x000000a0ceffd030 mode 2

Classes redefined (0 events):
No events

Internal exceptions (20 events):
Event: 10.204 Thread 0x000001e6ab140800 Exception <a 'java/lang/NoSuchMethodError'{0x00000000a94ec760}: 'void java.lang.invoke.DirectMethodHandle$Holder.invokeInterface(java.lang.Object, java.lang.Object)'> (0x00000000a94ec760) thrown at [./src/hotspot/share/interpreter/linkResolver.cpp, line 773]
Event: 10.291 Thread 0x000001e6ab140800 Exception <a 'java/lang/IncompatibleClassChangeError'{0x00000000a92db7a0}: Found class java.lang.Object, but interface was expected> (0x00000000a92db7a0) thrown at [./src/hotspot/share/interpreter/linkResolver.cpp, line 839]
Event: 10.632 Thread 0x000001e6ab140800 Exception <a 'java/lang/NoSuchMethodError'{0x00000000a829abd0}: 'java.lang.Object java.lang.invoke.Invokers$Holder.linkToTargetMethod(java.lang.Object, java.lang.Object, java.lang.Object, java.lang.Object, java.lang.Object, java.lang.Object, java.lang.Object)'> (0x00000000a829abd0) thrown at [./src/hotspot/share/interpreter/linkResolver.cpp, line 773]
Event: 10.702 Thread 0x000001e6ab140800 Exception <a 'java/lang/NoSuchMethodError'{0x00000000a8191a08}: 'java.lang.Object java.lang.invoke.DirectMethodHandle$Holder.invokeInterface(java.lang.Object, java.lang.Object, java.lang.Object)'> (0x00000000a8191a08) thrown at [./src/hotspot/share/interpreter/linkResolver.cpp, line 773]
Event: 10.703 Thread 0x000001e6ab140800 Exception <a 'java/lang/IncompatibleClassChangeError'{0x00000000a8195430}: Found class java.lang.Object, but interface was expected> (0x00000000a8195430) thrown at [./src/hotspot/share/interpreter/linkResolver.cpp, line 839]
Event: 11.359 Thread 0x000001e6ab140800 Implicit null exception at 0x000001e6b6783e75 to 0x000001e6b678403c
Event: 13.152 Thread 0x000001e6ab140800 Implicit null exception at 0x000001e6b69853f7 to 0x000001e6b6985a58
Event: 13.178 Thread 0x000001e6ab140800 Implicit null exception at 0x000001e6b69c7ef4 to 0x000001e6b69c8580
Event: 14.213 Thread 0x000001e6ab140800 Exception <a 'java/lang/NoSuchMethodError'{0x00000000a8e00db8}: 'java.lang.Object java.lang.invoke.DirectMethodHandle$Holder.invokeStaticInit(java.lang.Object, java.lang.Object, java.lang.Object, java.lang.Object)'> (0x00000000a8e00db8) thrown at [./src/hotspot/share/interpreter/linkResolver.cpp, line 773]
Event: 14.496 Thread 0x000001e6ab140800 Exception <a 'java/lang/NoSuchMethodError'{0x00000000a8531900}: 'int java.lang.invoke.DirectMethodHandle$Holder.invokeStaticInit(java.lang.Object, java.lang.Object, java.lang.Object, java.lang.Object)'> (0x00000000a8531900) thrown at [./src/hotspot/share/interpreter/linkResolver.cpp, line 773]
Event: 14.621 Thread 0x000001e6ab140800 Exception <a 'java/lang/NoSuchMethodError'{0x00000000a83e3f80}: 'java.lang.Object java.lang.invoke.DirectMethodHandle$Holder.invokeStatic(java.lang.Object, java.lang.Object, java.lang.Object, int, int, java.lang.Object, java.lang.Object, java.lang.Object)'> (0x00000000a83e3f80) thrown at [./src/hotspot/share/interpreter/linkResolver.cpp, line 773]
Event: 14.622 Thread 0x000001e6ab140800 Exception <a 'java/lang/NoSuchMethodError'{0x00000000a83ee528}: 'java.lang.Object java.lang.invoke.DirectMethodHandle$Holder.invokeStatic(java.lang.Object, java.lang.Object, java.lang.Object, int, int)'> (0x00000000a83ee528) thrown at [./src/hotspot/share/interpreter/linkResolver.cpp, line 773]
Event: 14.622 Thread 0x000001e6ab140800 Exception <a 'java/lang/NoSuchMethodError'{0x00000000a83f1d08}: 'java.lang.Object java.lang.invoke.DirectMethodHandle$Holder.invokeSpecial(java.lang.Object, java.lang.Object, java.lang.Object, java.lang.Object, int, int)'> (0x00000000a83f1d08) thrown at [./src/hotspot/share/interpreter/linkResolver.cpp, line 773]
Event: 14.623 Thread 0x000001e6ab140800 Exception <a 'java/lang/NoSuchMethodError'{0x00000000a83f4e10}: 'java.lang.Object java.lang.invoke.Invokers$Holder.linkToTargetMethod(java.lang.Object, java.lang.Object, int, int, java.lang.Object)'> (0x00000000a83f4e10) thrown at [./src/hotspot/share/interpreter/linkResolver.cpp, line 773]
Event: 14.657 Thread 0x000001e6ab140800 Exception <a 'java/lang/NoSuchMethodError'{0x00000000a82dc490}: 'java.lang.Object java.lang.invoke.DirectMethodHandle$Holder.invokeStatic(java.lang.Object, java.lang.Object, java.lang.Object, int, int, java.lang.Object, java.lang.Object)'> (0x00000000a82dc490) thrown at [./src/hotspot/share/interpreter/linkResolver.cpp, line 773]
Event: 14.657 Thread 0x000001e6ab140800 Exception <a 'java/lang/NoSuchMethodError'{0x00000000a82e00a8}: 'java.lang.Object java.lang.invoke.DirectMethodHandle$Holder.invokeSpecial(java.lang.Object, java.lang.Object, java.lang.Object, java.lang.Object, int, int, java.lang.Object, java.lang.Object)'> (0x00000000a82e00a8) thrown at [./src/hotspot/share/interpreter/linkResolver.cpp, line 773]
Event: 14.658 Thread 0x000001e6ab140800 Exception <a 'java/lang/NoSuchMethodError'{0x00000000a82e34b8}: 'java.lang.Object java.lang.invoke.Invokers$Holder.linkToTargetMethod(java.lang.Object, java.lang.Object, int, int, java.lang.Object, java.lang.Object, java.lang.Object)'> (0x00000000a82e34b8) thrown at [./src/hotspot/share/interpreter/linkResolver.cpp, line 773]
Event: 14.681 Thread 0x000001e6ab140800 Exception <a 'java/lang/NoSuchMethodError'{0x00000000a81a2de0}: 'java.lang.Object java.lang.invoke.DirectMethodHandle$Holder.invokeStatic(java.lang.Object, java.lang.Object, java.lang.Object, int, int, java.lang.Object, java.lang.Object, java.lang.Object, java.lang.Object)'> (0x00000000a81a2de0) thrown at [./src/hotspot/share/interpreter/linkResolver.cpp, line 773]
Event: 14.710 Thread 0x000001e6ab140800 Exception <a 'java/lang/NoSuchMethodError'{0x00000000a803f1a0}: 'java.lang.Object java.lang.invoke.DirectMethodHandle$Holder.invokeSpecial(java.lang.Object, java.lang.Object, int, int, java.lang.Object, java.lang.Object, java.lang.Object, java.lang.Object, java.lang.Object)'> (0x00000000a803f1a0) thrown at [./src/hotspot/share/interpreter/linkResolver.cpp, line 773]
Event: 15.267 Thread 0x000001e6ab140800 Implicit null exception at 0x000001e6b6791df4 to 0x000001e6b679200c

Events (20 events):
Event: 16.918 loading class org/jetbrains/kotlin/backend/common/lower/DefaultParameterInjector$visitFunctionAccessExpression$3$1$1
Event: 16.918 loading class org/jetbrains/kotlin/backend/common/lower/DefaultParameterInjector$visitFunctionAccessExpression$3$1$1 done
Event: 16.918 loading class org/jetbrains/kotlin/backend/common/lower/DefaultParameterInjector$visitFunctionAccessExpression$3$2
Event: 16.918 loading class org/jetbrains/kotlin/backend/common/lower/DefaultParameterInjector$visitFunctionAccessExpression$3$2 done
Event: 16.919 loading class org/jetbrains/kotlin/backend/common/lower/DefaultParameterInjector$visitFunctionAccessExpression$3$3
Event: 16.919 loading class org/jetbrains/kotlin/backend/common/lower/DefaultParameterInjector$visitFunctionAccessExpression$3$3 done
Event: 16.919 loading class org/jetbrains/kotlin/backend/common/lower/DefaultParameterInjector$visitConstructorCall$1
Event: 16.919 loading class org/jetbrains/kotlin/backend/common/lower/DefaultParameterInjector$visitConstructorCall$1 done
Event: 16.920 loading class org/jetbrains/kotlin/backend/common/lower/DefaultParameterCleaner
Event: 16.920 loading class org/jetbrains/kotlin/backend/common/lower/DefaultParameterCleaner done
Event: 16.923 loading class org/jetbrains/kotlin/backend/jvm/lower/InterfaceLowering
Event: 16.923 loading class org/jetbrains/kotlin/backend/jvm/lower/InterfaceLowering done
Event: 16.926 loading class org/jetbrains/kotlin/backend/jvm/lower/InheritedDefaultMethodsOnClassesLowering
Event: 16.926 loading class org/jetbrains/kotlin/backend/jvm/lower/InheritedDefaultMethodsOnClassesLowering done
Event: 16.928 loading class org/jetbrains/kotlin/backend/jvm/lower/InheritedDefaultMethodsOnClassesLoweringKt$findInterfaceImplementation$implementation$1
Event: 16.928 loading class org/jetbrains/kotlin/backend/jvm/lower/InheritedDefaultMethodsOnClassesLoweringKt$findInterfaceImplementation$implementation$1 done
Event: 16.928 loading class org/jetbrains/kotlin/backend/jvm/JvmLoweredDeclarationOrigin$SUPER_INTERFACE_METHOD_BRIDGE
Event: 16.928 loading class org/jetbrains/kotlin/backend/jvm/JvmLoweredDeclarationOrigin$SUPER_INTERFACE_METHOD_BRIDGE done
Event: 16.928 loading class org/jetbrains/kotlin/backend/jvm/lower/InheritedDefaultMethodsOnClassesLoweringKt$findInterfaceImplementation$1$1
Event: 16.928 loading class org/jetbrains/kotlin/backend/jvm/lower/InheritedDefaultMethodsOnClassesLoweringKt$findInterfaceImplementation$1$1 done


Dynamic libraries:
0x00007ff7ac9d0000 - 0x00007ff7ac9da000 	C:\Users\User\AppData\Local\JetBrains\Toolbox\apps\AndroidStudio\ch-0\212.5712.43.2112.8609683\jre\bin\java.exe
0x00007ffd5c300000 - 0x00007ffd5c509000 	C:\WINDOWS\SYSTEM32\ntdll.dll
0x00007ffd5ab00000 - 0x00007ffd5abbd000 	C:\WINDOWS\System32\KERNEL32.DLL
0x00007ffd597d0000 - 0x00007ffd59b4b000 	C:\WINDOWS\System32\KERNELBASE.dll
0x00007ffd5a030000 - 0x00007ffd5a141000 	C:\WINDOWS\System32\ucrtbase.dll
0x00007ffd51580000 - 0x00007ffd51599000 	C:\Users\User\AppData\Local\JetBrains\Toolbox\apps\AndroidStudio\ch-0\212.5712.43.2112.8609683\jre\bin\jli.dll
0x00007ffd55e40000 - 0x00007ffd55e57000 	C:\Users\User\AppData\Local\JetBrains\Toolbox\apps\AndroidStudio\ch-0\212.5712.43.2112.8609683\jre\bin\VCRUNTIME140.dll
0x00007ffd5a320000 - 0x00007ffd5a4cd000 	C:\WINDOWS\System32\USER32.dll
0x00007ffd4df60000 - 0x00007ffd4e205000 	C:\WINDOWS\WinSxS\amd64_microsoft.windows.common-controls_6595b64144ccf1df_6.0.22000.120_none_9d947278b86cc467\COMCTL32.dll
0x00007ffd5a150000 - 0x00007ffd5a176000 	C:\WINDOWS\System32\win32u.dll
0x00007ffd5b0d0000 - 0x00007ffd5b173000 	C:\WINDOWS\System32\msvcrt.dll
0x00007ffd5a4d0000 - 0x00007ffd5a4f9000 	C:\WINDOWS\System32\GDI32.dll
0x00007ffd59f10000 - 0x00007ffd5a028000 	C:\WINDOWS\System32\gdi32full.dll
0x00007ffd59b50000 - 0x00007ffd59bed000 	C:\WINDOWS\System32\msvcp_win.dll
0x00007ffd5a510000 - 0x00007ffd5a541000 	C:\WINDOWS\System32\IMM32.DLL
0x00007ffd289a0000 - 0x00007ffd28a3d000 	C:\Users\User\AppData\Local\JetBrains\Toolbox\apps\AndroidStudio\ch-0\212.5712.43.2112.8609683\jre\bin\msvcp140.dll
0x00007ffcf3310000 - 0x00007ffcf3df5000 	C:\Users\User\AppData\Local\JetBrains\Toolbox\apps\AndroidStudio\ch-0\212.5712.43.2112.8609683\jre\bin\server\jvm.dll
0x00007ffd5a9f0000 - 0x00007ffd5aa9e000 	C:\WINDOWS\System32\ADVAPI32.dll
0x00007ffd5b030000 - 0x00007ffd5b0ce000 	C:\WINDOWS\System32\sechost.dll
0x00007ffd5c130000 - 0x00007ffd5c250000 	C:\WINDOWS\System32\RPCRT4.dll
0x00007ffd5bc50000 - 0x00007ffd5bc58000 	C:\WINDOWS\System32\PSAPI.DLL
0x00007ffd54930000 - 0x00007ffd54963000 	C:\WINDOWS\SYSTEM32\WINMM.dll
0x00007ffd4f6b0000 - 0x00007ffd4f6b9000 	C:\WINDOWS\SYSTEM32\WSOCK32.dll
0x00007ffd5c250000 - 0x00007ffd5c2bf000 	C:\WINDOWS\System32\WS2_32.dll
0x00007ffd52540000 - 0x00007ffd5254a000 	C:\WINDOWS\SYSTEM32\VERSION.dll
0x00007ffd587f0000 - 0x00007ffd58808000 	C:\WINDOWS\SYSTEM32\kernel.appcore.dll
0x00007ffd51f90000 - 0x00007ffd51fa1000 	C:\Users\User\AppData\Local\JetBrains\Toolbox\apps\AndroidStudio\ch-0\212.5712.43.2112.8609683\jre\bin\verify.dll
0x00007ffd52720000 - 0x00007ffd52941000 	C:\WINDOWS\SYSTEM32\DBGHELP.DLL
0x00007ffd52ba0000 - 0x00007ffd52bd1000 	C:\WINDOWS\SYSTEM32\dbgcore.DLL
0x00007ffd59e90000 - 0x00007ffd59f0f000 	C:\WINDOWS\System32\bcryptPrimitives.dll
0x00007ffd45060000 - 0x00007ffd45089000 	C:\Users\User\AppData\Local\JetBrains\Toolbox\apps\AndroidStudio\ch-0\212.5712.43.2112.8609683\jre\bin\java.dll
0x00007ffd52120000 - 0x00007ffd5212b000 	C:\Users\User\AppData\Local\JetBrains\Toolbox\apps\AndroidStudio\ch-0\212.5712.43.2112.8609683\jre\bin\jimage.dll
0x00007ffd44b50000 - 0x00007ffd44b68000 	C:\Users\User\AppData\Local\JetBrains\Toolbox\apps\AndroidStudio\ch-0\212.5712.43.2112.8609683\jre\bin\zip.dll
0x00007ffd5b180000 - 0x00007ffd5b938000 	C:\WINDOWS\System32\SHELL32.dll
0x00007ffd578c0000 - 0x00007ffd58125000 	C:\WINDOWS\SYSTEM32\windows.storage.dll
0x00007ffd5bc60000 - 0x00007ffd5bfd7000 	C:\WINDOWS\System32\combase.dll
0x00007ffd57750000 - 0x00007ffd578b6000 	C:\WINDOWS\SYSTEM32\wintypes.dll
0x00007ffd5acf0000 - 0x00007ffd5adda000 	C:\WINDOWS\System32\SHCORE.dll
0x00007ffd5aaa0000 - 0x00007ffd5aafd000 	C:\WINDOWS\System32\shlwapi.dll
0x00007ffd59700000 - 0x00007ffd59721000 	C:\WINDOWS\SYSTEM32\profapi.dll
0x00007ffd43a30000 - 0x00007ffd43a4a000 	C:\Users\User\AppData\Local\JetBrains\Toolbox\apps\AndroidStudio\ch-0\212.5712.43.2112.8609683\jre\bin\net.dll
0x00007ffd54cd0000 - 0x00007ffd54ddc000 	C:\WINDOWS\SYSTEM32\WINHTTP.dll
0x00007ffd58cf0000 - 0x00007ffd58d57000 	C:\WINDOWS\system32\mswsock.dll
0x00007ffd3cd90000 - 0x00007ffd3cda4000 	C:\Users\User\AppData\Local\JetBrains\Toolbox\apps\AndroidStudio\ch-0\212.5712.43.2112.8609683\jre\bin\nio.dll

dbghelp: loaded successfully - version: 4.0.5 - missing functions: none
symbol engine: initialized successfully - sym options: 0x614 - pdb path: .;C:\Users\User\AppData\Local\JetBrains\Toolbox\apps\AndroidStudio\ch-0\212.5712.43.2112.8609683\jre\bin;C:\WINDOWS\SYSTEM32;C:\WINDOWS\WinSxS\amd64_microsoft.windows.common-controls_6595b64144ccf1df_6.0.22000.120_none_9d947278b86cc467;C:\Users\User\AppData\Local\JetBrains\Toolbox\apps\AndroidStudio\ch-0\212.5712.43.2112.8609683\jre\bin\server

VM Arguments:
java_command: org.jetbrains.kotlin.cli.jvm.K2JVMCompiler @C:\Users\User\Desktop\AppHistoryVN\app\build\20221109_15614267667477691047.compiler.options
java_class_path (initial): C:\Users\User\.gradle\caches\modules-2\files-2.1\org.jetbrains.kotlin\kotlin-compiler-embeddable\1.7.10\909803167c98606fcf22b4c848647c68e351d48d\kotlin-compiler-embeddable-1.7.10.jar;C:\Users\User\.gradle\caches\modules-2\files-2.1\org.jetbrains.kotlin\kotlin-reflect\1.7.10\165e600dfea6185cf5efa700756294cc4904dbeb\kotlin-reflect-1.7.10.jar;C:\Users\User\.gradle\caches\modules-2\files-2.1\org.jetbrains.kotlin\kotlin-stdlib\1.7.10\d2abf9e77736acc4450dc4a3f707fa2c10f5099d\kotlin-stdlib-1.7.10.jar;C:\Users\User\.gradle\caches\modules-2\files-2.1\org.jetbrains.kotlin\kotlin-script-runtime\1.7.10\c99c87a6988d8fd8d5142e9ed5c9f34a7cf561ee\kotlin-script-runtime-1.7.10.jar;C:\Users\User\.gradle\caches\modules-2\files-2.1\org.jetbrains.kotlin\kotlin-daemon-embeddable\1.7.10\3a9f7aef7080d3ae63126cbba4f827ed664f32fa\kotlin-daemon-embeddable-1.7.10.jar;C:\Users\User\.gradle\caches\modules-2\files-2.1\org.jetbrains.intellij.deps\trove4j\1.0.20200330\3afb14d5f9ceb459d724e907a21145e8ff394f02\trove4j-1.0.20200330.jar;C:\Users\User\.gradle\caches\modules-2\files-2.1\net.java.dev.jna\jna\5.6.0\330f2244e9030119ab3030fc3fededc86713d9cc\jna-5.6.0.jar;C:\Users\User\.gradle\caches\modules-2\files-2.1\org.jetbrains.kotlin\kotlin-stdlib-common\1.7.10\bac80c520d0a9e3f3673bc2658c6ed02ef45a76a\kotlin-stdlib-common-1.7.10.jar;C:\Users\User\.gradle\caches\modules-2\files-2.1\org.jetbrains\annotations\13.0\919f0dfe192fb4e063e7dacadee7f8bb9a2672a9\annotations-13.0.jar
Launcher Type: SUN_STANDARD

[Global flags]
     intx CICompilerCount                          = 4                                         {product} {ergonomic}
     uint ConcGCThreads                            = 2                                         {product} {ergonomic}
     uint G1ConcRefinementThreads                  = 8                                         {product} {ergonomic}
   size_t G1HeapRegionSize                         = 1048576                                   {product} {ergonomic}
    uintx GCDrainStackTargetSize                   = 64                                        {product} {ergonomic}
   size_t InitialHeapSize                          = 100663296                                 {product} {ergonomic}
   size_t MarkStackSize                            = 4194304                                   {product} {ergonomic}
   size_t MaxHeapSize                              = 1598029824                                {product} {ergonomic}
   size_t MaxNewSize                               = 958398464                                 {product} {ergonomic}
   size_t MinHeapDeltaBytes                        = 1048576                                   {product} {ergonomic}
    uintx NonNMethodCodeHeapSize                   = 5836300                                {pd product} {ergonomic}
    uintx NonProfiledCodeHeapSize                  = 122910970                              {pd product} {ergonomic}
    uintx ProfiledCodeHeapSize                     = 122910970                              {pd product} {ergonomic}
    uintx ReservedCodeCacheSize                    = 251658240                              {pd product} {ergonomic}
     bool SegmentedCodeCache                       = true                                      {product} {ergonomic}
     bool UseCompressedClassPointers               = true                                 {lp64_product} {ergonomic}
     bool UseCompressedOops                        = true                                 {lp64_product} {ergonomic}
     bool UseG1GC                                  = true                                      {product} {ergonomic}
     bool UseLargePagesIndividualAllocation        = false                                  {pd product} {ergonomic}

Logging:
Log output configuration:
 #0: stdout all=warning uptime,level,tags
 #1: stderr all=off uptime,level,tags

Environment Variables:
PATH=C:\Python35\Lib\site-packages\PyQt5;C:\WINDOWS\system32;C:\WINDOWS;C:\WINDOWS\System32\Wbem;C:\WINDOWS\System32\WindowsPowerShell\v1.0\;C:\WINDOWS\System32\OpenSSH\;C:\Program Files\7-Zip;C:\Program Files\dotnet\;C:\Program Files (x86)\Microsoft SQL Server\Client SDK\ODBC\130\Tools\Binn\;C:\Program Files (x86)\Microsoft SQL Server\140\Tools\Binn\;C:\Program Files (x86)\Microsoft SQL Server\140\DTS\Binn\;C:\Program Files (x86)\Microsoft SQL Server\140\Tools\Binn\ManagementStudio\;C:\Program Files\Microsoft SQL Server\130\Tools\Binn\;C:\Program Files\Git\cmd;C:\Program Files (x86)\php8;C:\Users\User\AppData\Local\Programs\Python\Python310\Scripts\;C:\Users\User\AppData\Local\Programs\Python\Python310\;C:\Users\User\AppData\Local\Microsoft\WindowsApps;C:\Users\User\AppData\Local\atom\bin;C:\Program Files\heroku\bin;C:\Users\User\AppData\Local\Microsoft\WindowsApps;C:\Users\User\AppData\Local\Programs\Python\Python310;C:\Users\User\AppData\Local\Programs\Microsoft VS Code\bin
USERNAME=User
OS=Windows_NT
PROCESSOR_IDENTIFIER=AMD64 Family 23 Model 24 Stepping 1, AuthenticAMD



---------------  S Y S T E M  ---------------

OS: Windows 10 , 64 bit Build 22000 (10.0.22000.708)
OS uptime: 9 days 8:58 hours

CPU:total 8 (initial active 8) (8 cores per cpu, 2 threads per core) family 23 model 24 stepping 1 microcode 0x0, cmov, cx8, fxsr, mmx, sse, sse2, sse3, ssse3, sse4.1, sse4.2, popcnt, avx, avx2, aes, clmul, mmxext, 3dnowpref, lzcnt, sse4a, ht, tsc, tscinvbit, tscinv, bmi1, bmi2, adx, sha, fma

Memory: 4k page, system-wide physical 6091M (356M free)
TotalPageFile size 24523M (AvailPageFile size 2M)
current process WorkingSet (physical memory assigned to process): 353M, peak: 353M
current process commit charge ("private bytes"): 390M, peak: 419M

vm_info: OpenJDK 64-Bit Server VM (11.0.12+7-b1504.28-7817840) for windows-amd64 JRE (11.0.12+7-b1504.28-7817840), built on Oct 13 2021 22:12:33 by "builder" with MS VC++ 14.0 (VS2015)

END.
